#
# A fatal error has been detected by the Java Runtime Environment:
#
#  EXCEPTION_ACCESS_VIOLATION (0xc0000005) at pc=0x00007ff93f83facd, pid=6516, tid=0x00000000000053e8
#
# JRE version: Java(TM) SE Runtime Environment (8.0_231-b11) (build 1.8.0_231-b11)
# Java VM: Java HotSpot(TM) 64-Bit Server VM (25.231-b11 mixed mode windows-amd64 compressed oops)
# Problematic frame:
# C  [lwjgl_opengl.dll+0xfacd]
#
# Failed to write core dump. Minidumps are not enabled by default on client versions of Windows
#
# If you would like to submit a bug report, please visit:
#   http://bugreport.java.com/bugreport/crash.jsp
# The crash happened outside the Java Virtual Machine in native code.
# See problematic frame for where to report the bug.
#

---------------  T H R E A D  ---------------

Current thread (0x000000001e13d800):  JavaThread "Thread-0" [_thread_in_native, id=21480, stack(0x000000001fbb0000,0x000000001fcb0000)]

siginfo: ExceptionCode=0xc0000005, reading address 0x00000000000013c8

Registers:
RAX=0x0000000000ba0b70, RBX=0x000000001c3d1be0, RCX=0x0000000000000001, RDX=0x000000001fed2d8c
RSP=0x000000001fcaf148, RBP=0x000000001fcaf1d0, RSI=0x0000000000001700, RDI=0x0000000002b77e70
R8 =0x0000000000000001, R9 =0x000000001fed2d8c, R10=0x0000000000000000, R11=0x000000006f6dcf70
R12=0x0000000000000000, R13=0x000000001c3d1be0, R14=0x000000001fcaf200, R15=0x000000001e13d800
RIP=0x00007ff93f83facd, EFLAGS=0x0000000000010206

Top of Stack: (sp=0x000000001fcaf148)
0x000000001fcaf148:   0000000002b88627 0000000002b77e70
0x000000001fcaf158:   0000000002b8835d 000000001e13d800
0x000000001fcaf168:   000000001c3d1be0 0000000000001700
0x000000001fcaf178:   000000001e13d800 000000001fcaf278
0x000000001fcaf188:   0000000002b88322 000000001fcaf190
0x000000001fcaf198:   000000001c3d1be0 000000001fcaf200
0x000000001fcaf1a8:   000000001c406750 0000000000000000
0x000000001fcaf1b8:   000000001c3d1be0 0000000000000000
0x000000001fcaf1c8:   000000001fcaf1f0 000000001fcaf248
0x000000001fcaf1d8:   0000000002b7835d 000000076ba19fa8
0x000000001fcaf1e8:   0000000002b821d8 000000001fed2d8c
0x000000001fcaf1f8:   000000076ba233e0 0000000000000001
0x000000001fcaf208:   000000001fcaf208 000000001c3d1d54
0x000000001fcaf218:   000000001fcaf278 000000001c406750
0x000000001fcaf228:   0000000000000000 000000001c3d1dc0
0x000000001fcaf238:   000000001fcaf1f0 000000001fcaf280 

Instructions: (pc=0x00007ff93f83facd)
0x00007ff93f83faad:   49 ff a2 c0 13 00 00 cc cc cc cc cc cc cc cc cc
0x00007ff93f83fabd:   cc cc cc 48 8b 01 49 8b d1 41 8b c8 4c 8b 50 18
0x00007ff93f83facd:   49 ff a2 c8 13 00 00 cc cc cc cc cc cc cc cc cc
0x00007ff93f83fadd:   cc cc cc 48 8b 01 48 8b 48 18 48 8b 81 d0 13 00 


Register to memory mapping:

RAX=0x0000000000ba0b70 is an unknown value
RBX={method} {0x000000001c3d1be8} 'nglGenVertexArrays' '(IJ)V' in 'org/lwjgl/opengl/GL30C'
RCX=0x0000000000000001 is an unknown value
RDX=0x000000001fed2d8c is an unknown value
RSP=0x000000001fcaf148 is pointing into the stack for thread: 0x000000001e13d800
RBP=0x000000001fcaf1d0 is pointing into the stack for thread: 0x000000001e13d800
RSI=0x0000000000001700 is an unknown value
RDI=0x0000000002b77e70 is at code_begin+1040 in an Interpreter codelet
invoke return entry points  [0x0000000002b77a60, 0x0000000002b78440]  2528 bytes
R8 =0x0000000000000001 is an unknown value
R9 =0x000000001fed2d8c is an unknown value
R10=0x0000000000000000 is an unknown value
R11=0x000000006f6dcf70 is an unknown value
R12=0x0000000000000000 is an unknown value
R13={method} {0x000000001c3d1be8} 'nglGenVertexArrays' '(IJ)V' in 'org/lwjgl/opengl/GL30C'
R14=0x000000001fcaf200 is pointing into the stack for thread: 0x000000001e13d800
R15=0x000000001e13d800 is a thread


Stack: [0x000000001fbb0000,0x000000001fcb0000],  sp=0x000000001fcaf148,  free space=1020k
Native frames: (J=compiled Java code, j=interpreted, Vv=VM code, C=native code)
C  [lwjgl_opengl.dll+0xfacd]

Java frames: (J=compiled Java code, j=interpreted, Vv=VM code)
j  org.lwjgl.opengl.GL30C.nglGenVertexArrays(IJ)V+0
j  org.lwjgl.opengl.GL30C.glGenVertexArrays()I+20
j  org.lwjgl.opengl.GL30.glGenVertexArrays()I+0
j  grafik.render.Mesh.create()V+1
j  grafik.render.BildHandler.init()V+34
j  grafik.render.BildHandler.run()V+1
v  ~StubRoutines::call_stub

---------------  P R O C E S S  ---------------

Java Threads: ( => current thread )
  0x000000000296e800 JavaThread "DestroyJavaVM" [_thread_blocked, id=9032, stack(0x0000000002970000,0x0000000002a70000)]
=>0x000000001e13d800 JavaThread "Thread-0" [_thread_in_native, id=21480, stack(0x000000001fbb0000,0x000000001fcb0000)]
  0x000000001dfcc800 JavaThread "Service Thread" daemon [_thread_blocked, id=19368, stack(0x000000001f9b0000,0x000000001fab0000)]
  0x000000001df31000 JavaThread "C1 CompilerThread3" daemon [_thread_blocked, id=6752, stack(0x000000001f8b0000,0x000000001f9b0000)]
  0x000000001df2d800 JavaThread "C2 CompilerThread2" daemon [_thread_blocked, id=20736, stack(0x000000001f7b0000,0x000000001f8b0000)]
  0x000000001df28000 JavaThread "C2 CompilerThread1" daemon [_thread_blocked, id=10464, stack(0x000000001f6b0000,0x000000001f7b0000)]
  0x000000001df21800 JavaThread "C2 CompilerThread0" daemon [_thread_blocked, id=9060, stack(0x000000001f5b0000,0x000000001f6b0000)]
  0x000000001df1d000 JavaThread "Attach Listener" daemon [_thread_blocked, id=9132, stack(0x000000001f4b0000,0x000000001f5b0000)]
  0x000000001df1b800 JavaThread "Signal Dispatcher" daemon [_thread_blocked, id=20936, stack(0x000000001f3b0000,0x000000001f4b0000)]
  0x000000001df13000 JavaThread "Finalizer" daemon [_thread_blocked, id=13468, stack(0x000000001f180000,0x000000001f280000)]
  0x0000000002b6a000 JavaThread "Reference Handler" daemon [_thread_blocked, id=21356, stack(0x000000001f080000,0x000000001f180000)]

Other Threads:
  0x000000001c826000 VMThread [stack: 0x000000001ef80000,0x000000001f080000] [id=16332]
  0x000000001dfcf800 WatcherThread [stack: 0x000000001fab0000,0x000000001fbb0000] [id=19592]

VM state:not at safepoint (normal execution)

VM Mutex/Monitor currently owned by a thread: None

heap address: 0x00000006c1200000, size: 4078 MB, Compressed Oops mode: Zero based, Oop shift amount: 3
Narrow klass base: 0x0000000000000000, Narrow klass shift: 3
Compressed class space size: 1073741824 Address: 0x00000007c0000000

Heap:
 PSYoungGen      total 76288K, used 10486K [0x000000076b100000, 0x0000000770600000, 0x00000007c0000000)
  eden space 65536K, 16% used [0x000000076b100000,0x000000076bb3db18,0x000000076f100000)
  from space 10752K, 0% used [0x000000076fb80000,0x000000076fb80000,0x0000000770600000)
  to   space 10752K, 0% used [0x000000076f100000,0x000000076f100000,0x000000076fb80000)
 ParOldGen       total 175104K, used 0K [0x00000006c1200000, 0x00000006cbd00000, 0x000000076b100000)
  object space 175104K, 0% used [0x00000006c1200000,0x00000006c1200000,0x00000006cbd00000)
 Metaspace       used 6481K, capacity 6756K, committed 7040K, reserved 1056768K
  class space    used 677K, capacity 792K, committed 896K, reserved 1048576K

Card table byte_map: [0x0000000011f30000,0x0000000012730000] byte_map_base: 0x000000000e927000

Marking Bits: (ParMarkBitMap*) 0x000000006fcd6d90
 Begin Bits: [0x0000000013680000, 0x0000000017638000)
 End Bits:   [0x0000000017638000, 0x000000001b5f0000)

Polling page: 0x0000000001030000

CodeCache: size=245760Kb used=2059Kb max_used=2059Kb free=243700Kb
 bounds [0x0000000002b70000, 0x0000000002de0000, 0x0000000011b70000]
 total_blobs=829 nmethods=450 adapters=293
 compilation: enabled

Compilation events (10 events):
Event: 0.197 Thread 0x000000001df31000  446       3       java.lang.String::regionMatches (149 bytes)
Event: 0.197 Thread 0x000000001df31000 nmethod 446 0x0000000002d6c8d0 code [0x0000000002d6cb20, 0x0000000002d6d7f8]
Event: 0.198 Thread 0x000000001df2d800  447       4       java.lang.String::startsWith (7 bytes)
Event: 0.198 Thread 0x000000001df31000  448   !   3       sun.misc.URLClassPath$JarLoader::getResource (353 bytes)
Event: 0.199 Thread 0x000000001df2d800 nmethod 447 0x0000000002d70f50 code [0x0000000002d710a0, 0x0000000002d71238]
Event: 0.199 Thread 0x000000001df31000 nmethod 448 0x0000000002d71390 code [0x0000000002d717c0, 0x0000000002d73758]
Event: 0.200 Thread 0x000000001df31000  449       3       java.lang.ref.Finalizer::register (10 bytes)
Event: 0.200 Thread 0x000000001df31000 nmethod 449 0x0000000002d707d0 code [0x0000000002d70960, 0x0000000002d70d88]
Event: 0.200 Thread 0x000000001df31000  450       3       java.lang.ref.Finalizer::<init> (23 bytes)
Event: 0.200 Thread 0x000000001df31000 nmethod 450 0x0000000002d70150 code [0x0000000002d702e0, 0x0000000002d70668]

GC Heap History (0 events):
No events

Deoptimization events (0 events):
No events

Classes redefined (0 events):
No events

Internal exceptions (10 events):
Event: 0.138 Thread 0x000000001e13d800 Exception <a 'java/security/PrivilegedActionException'> (0x000000076b82ae58) thrown at [C:\re\workspace\8-2-build-windows-amd64-cygwin\jdk8u231\13620\hotspot\src\share\vm\prims\jvm.cpp, line 1502]
Event: 0.138 Thread 0x000000001e13d800 Exception <a 'java/security/PrivilegedActionException'> (0x000000076b82b068) thrown at [C:\re\workspace\8-2-build-windows-amd64-cygwin\jdk8u231\13620\hotspot\src\share\vm\prims\jvm.cpp, line 1502]
Event: 0.138 Thread 0x000000001e13d800 Exception <a 'java/security/PrivilegedActionException'> (0x000000076b82ecd8) thrown at [C:\re\workspace\8-2-build-windows-amd64-cygwin\jdk8u231\13620\hotspot\src\share\vm\prims\jvm.cpp, line 1502]
Event: 0.139 Thread 0x000000001e13d800 Exception <a 'java/security/PrivilegedActionException'> (0x000000076b82eee8) thrown at [C:\re\workspace\8-2-build-windows-amd64-cygwin\jdk8u231\13620\hotspot\src\share\vm\prims\jvm.cpp, line 1502]
Event: 0.154 Thread 0x000000001e13d800 Exception <a 'sun/nio/fs/WindowsException'> (0x000000076b859b40) thrown at [C:\re\workspace\8-2-build-windows-amd64-cygwin\jdk8u231\13620\hotspot\src\share\vm\prims\jni.cpp, line 710]
Event: 0.155 Thread 0x000000001e13d800 Exception <a 'sun/nio/fs/WindowsException'> (0x000000076b85a3d8) thrown at [C:\re\workspace\8-2-build-windows-amd64-cygwin\jdk8u231\13620\hotspot\src\share\vm\prims\jni.cpp, line 710]
Event: 0.167 Thread 0x000000001e13d800 Exception <a 'sun/nio/fs/WindowsException'> (0x000000076b89a620) thrown at [C:\re\workspace\8-2-build-windows-amd64-cygwin\jdk8u231\13620\hotspot\src\share\vm\prims\jni.cpp, line 710]
Event: 0.167 Thread 0x000000001e13d800 Exception <a 'sun/nio/fs/WindowsException'> (0x000000076b89ad58) thrown at [C:\re\workspace\8-2-build-windows-amd64-cygwin\jdk8u231\13620\hotspot\src\share\vm\prims\jni.cpp, line 710]
Event: 0.181 Thread 0x000000001e13d800 Exception <a 'sun/nio/fs/WindowsException'> (0x000000076b8a3ed0) thrown at [C:\re\workspace\8-2-build-windows-amd64-cygwin\jdk8u231\13620\hotspot\src\share\vm\prims\jni.cpp, line 710]
Event: 0.181 Thread 0x000000001e13d800 Exception <a 'sun/nio/fs/WindowsException'> (0x000000076b8a44c0) thrown at [C:\re\workspace\8-2-build-windows-amd64-cygwin\jdk8u231\13620\hotspot\src\share\vm\prims\jni.cpp, line 710]

Events (10 events):
Event: 0.198 loading class org/lwjgl/opengl/GL14C
Event: 0.198 loading class org/lwjgl/opengl/GL14C done
Event: 0.198 loading class org/lwjgl/opengl/GL13C
Event: 0.198 loading class org/lwjgl/opengl/GL13C done
Event: 0.198 loading class org/lwjgl/opengl/GL12C
Event: 0.198 loading class org/lwjgl/opengl/GL12C done
Event: 0.199 loading class org/lwjgl/opengl/GL11C
Event: 0.199 loading class org/lwjgl/opengl/GL11C done
Event: 0.201 loading class org/lwjgl/system/libc/LibCString
Event: 0.201 loading class org/lwjgl/system/libc/LibCString done


Dynamic libraries:
0x00007ff70e9c0000 - 0x00007ff70e9f7000 	C:\Program Files\Java\jre1.8.0_231\bin\javaw.exe
0x00007ff9729d0000 - 0x00007ff972bc8000 	C:\WINDOWS\SYSTEM32\ntdll.dll
0x00007ff971da0000 - 0x00007ff971e5d000 	C:\WINDOWS\System32\KERNEL32.DLL
0x00007ff9700e0000 - 0x00007ff9703b2000 	C:\WINDOWS\System32\KERNELBASE.dll
0x00007ff971cf0000 - 0x00007ff971d9e000 	C:\WINDOWS\System32\ADVAPI32.dll
0x00007ff971490000 - 0x00007ff97152e000 	C:\WINDOWS\System32\msvcrt.dll
0x00007ff970a30000 - 0x00007ff970acc000 	C:\WINDOWS\System32\sechost.dll
0x00007ff972500000 - 0x00007ff972625000 	C:\WINDOWS\System32\RPCRT4.dll
0x00007ff970bf0000 - 0x00007ff970d8d000 	C:\WINDOWS\System32\USER32.dll
0x00007ff970660000 - 0x00007ff970682000 	C:\WINDOWS\System32\win32u.dll
0x00007ff970f40000 - 0x00007ff970f6b000 	C:\WINDOWS\System32\GDI32.dll
0x00007ff970790000 - 0x00007ff97089f000 	C:\WINDOWS\System32\gdi32full.dll
0x00007ff970960000 - 0x00007ff9709fd000 	C:\WINDOWS\System32\msvcp_win.dll
0x00007ff970690000 - 0x00007ff970790000 	C:\WINDOWS\System32\ucrtbase.dll
0x00007ff962f20000 - 0x00007ff9631ba000 	C:\WINDOWS\WinSxS\amd64_microsoft.windows.common-controls_6595b64144ccf1df_6.0.19041.1110_none_60b5254171f9507e\COMCTL32.dll
0x00007ff970ad0000 - 0x00007ff970b00000 	C:\WINDOWS\System32\IMM32.DLL
0x000000006f2f0000 - 0x000000006f3c2000 	C:\Program Files\Java\jre1.8.0_231\bin\msvcr100.dll
0x000000006f4b0000 - 0x000000006fd56000 	C:\Program Files\Java\jre1.8.0_231\bin\server\jvm.dll
0x00007ff971e60000 - 0x00007ff971e68000 	C:\WINDOWS\System32\PSAPI.DLL
0x00007ff96beb0000 - 0x00007ff96beb9000 	C:\WINDOWS\SYSTEM32\WSOCK32.dll
0x00007ff95f450000 - 0x00007ff95f477000 	C:\WINDOWS\SYSTEM32\WINMM.dll
0x00007ff96aa10000 - 0x00007ff96aa1a000 	C:\WINDOWS\SYSTEM32\VERSION.dll
0x00007ff971530000 - 0x00007ff97159b000 	C:\WINDOWS\System32\WS2_32.dll
0x00007ff96b690000 - 0x00007ff96b69f000 	C:\Program Files\Java\jre1.8.0_231\bin\verify.dll
0x00007ff9688f0000 - 0x00007ff968919000 	C:\Program Files\Java\jre1.8.0_231\bin\java.dll
0x00007ff9697e0000 - 0x00007ff9697f6000 	C:\Program Files\Java\jre1.8.0_231\bin\zip.dll
0x00007ff9715a0000 - 0x00007ff971ce3000 	C:\WINDOWS\System32\SHELL32.dll
0x00007ff96e1c0000 - 0x00007ff96e951000 	C:\WINDOWS\SYSTEM32\windows.storage.dll
0x00007ff972630000 - 0x00007ff972984000 	C:\WINDOWS\System32\combase.dll
0x00007ff96fb40000 - 0x00007ff96fb70000 	C:\WINDOWS\SYSTEM32\Wldp.dll
0x00007ff970e90000 - 0x00007ff970f3d000 	C:\WINDOWS\System32\SHCORE.dll
0x00007ff972420000 - 0x00007ff972475000 	C:\WINDOWS\System32\shlwapi.dll
0x00007ff970020000 - 0x00007ff97003f000 	C:\WINDOWS\SYSTEM32\profapi.dll
0x00007ff968080000 - 0x00007ff96809a000 	C:\Program Files\Java\jre1.8.0_231\bin\net.dll
0x00007ff96f8a0000 - 0x00007ff96f90a000 	C:\WINDOWS\system32\mswsock.dll
0x00007ff968040000 - 0x00007ff968052000 	C:\Program Files\Java\jre1.8.0_231\bin\nio.dll
0x00007ff934dc0000 - 0x00007ff934e35000 	C:\Users\jasig\AppData\Local\Temp\lwjgljasig\3.3.1-build-7\lwjgl.dll
0x00007ff93f830000 - 0x00007ff93f88d000 	C:\Users\jasig\AppData\Local\Temp\lwjgljasig\3.3.1-build-7\lwjgl_opengl.dll
0x00007ff929120000 - 0x00007ff929247000 	C:\WINDOWS\SYSTEM32\opengl32.dll
0x00007ff948190000 - 0x00007ff9481bc000 	C:\WINDOWS\SYSTEM32\GLU32.dll
0x00007ff969d30000 - 0x00007ff969f14000 	C:\WINDOWS\SYSTEM32\dbghelp.dll
0x00007ff9705d0000 - 0x00007ff970652000 	C:\WINDOWS\System32\bcryptPrimitives.dll

VM Arguments:
jvm_args: -Dfile.encoding=Cp1252 
java_command: representation.Starter
java_class_path (initial): D:\Main Dingens\Downloads\lwjgl-release-3.3.1-custom\lwjgl.jar;D:\Main Dingens\Downloads\lwjgl-release-3.3.1-custom\lwjgl-assimp.jar;D:\Main Dingens\Downloads\lwjgl-release-3.3.1-custom\lwjgl-assimp-javadoc.jar;D:\Main Dingens\Downloads\lwjgl-release-3.3.1-custom\lwjgl-assimp-natives-windows.jar;D:\Main Dingens\Downloads\lwjgl-release-3.3.1-custom\lwjgl-assimp-sources.jar;D:\Main Dingens\Downloads\lwjgl-release-3.3.1-custom\lwjgl-glfw.jar;D:\Main Dingens\Downloads\lwjgl-release-3.3.1-custom\lwjgl-glfw-javadoc.jar;D:\Main Dingens\Downloads\lwjgl-release-3.3.1-custom\lwjgl-glfw-natives-windows.jar;D:\Main Dingens\Downloads\lwjgl-release-3.3.1-custom\lwjgl-glfw-sources.jar;D:\Main Dingens\Downloads\lwjgl-release-3.3.1-custom\lwjgl-javadoc.jar;D:\Main Dingens\Downloads\lwjgl-release-3.3.1-custom\lwjgl-natives-windows.jar;D:\Main Dingens\Downloads\lwjgl-release-3.3.1-custom\lwjgl-openal.jar;D:\Main Dingens\Downloads\lwjgl-release-3.3.1-custom\lwjgl-openal-javadoc.jar;D:\Main Dingens\Downloads\lwjgl-release-3.3.1-custom\lwjgl-openal-natives-windows.jar;D:\Main Dingens\Downloads\lwjgl-release-3.3.1-custom\lwjgl-openal-sources.jar;D:\Main Dingens\Downloads\lwjgl-release-3.3.1-custom\lwjgl-opengl.jar;D:\Main Dingens\Downloads\lwjgl-release-3.3.1-custom\lwjgl-opengl-javadoc.jar;D:\Main Dingens\Downloads\lwjgl-release-3.3.1-custom\lwjgl-opengl-natives-windows.jar;D:\Main Dingens\Downloads\lwjgl-release-3.3.1-custom\lwjgl-opengl-sources.jar;D:\Main Dingens\Downloads\lwjgl-release-3.3.1-custom\lwjgl-sources.jar;D:\Main Dingens\Downloads\lwjgl-release-3.3.1-custom\lwjgl-stb.jar;D:\Main Dingens\Downloads\lwjgl-release-3.3.1-custom\lwjgl-stb-javadoc.jar;D:\Main Dingens\Downloads\lwjgl-release-3.3.1-custom\lwjgl-stb-natives-windows.jar;D:\Main Dingens\Downloads\lwjgl-release-3.3.1-custom\lwjgl-stb-sources.jar;C:\Users\jasig\git\RubiksCubeSolverITEC\RubiksCubeSolverITEC\bin
Launcher Type: SUN_STANDARD

Environment Variables:
USERNAME=jasig
OS=Windows_NT
PROCESSOR_IDENTIFIER=AMD64 Family 23 Model 113 Stepping 0, AuthenticAMD



---------------  S Y S T E M  ---------------

OS: Windows 10.0 , 64 bit Build 19041 (10.0.19041.1889)

CPU:total 12 (initial active 12) (12 cores per cpu, 1 threads per core) family 23 model 113 stepping 0, cmov, cx8, fxsr, mmx, sse, sse2, sse3, ssse3, sse4.1, sse4.2, popcnt, avx, avx2, aes, clmul, mmxext, 3dnowpref, lzcnt, sse4a, tsc, tscinvbit, tscinv, bmi1

Memory: 4k page, physical 16702180k(9697964k free), swap 25859816k(13375096k free)

vm_info: Java HotSpot(TM) 64-Bit Server VM (25.231-b11) for windows-amd64 JRE (1.8.0_231-b11), built on Oct  5 2019 03:11:30 by "java_re" with MS VC++ 10.0 (VS2010)

time: Fri Oct 21 16:20:45 2022
timezone: Mitteleuropäische Sommerzeit
elapsed time: 0 seconds (0d 0h 0m 0s)

