#
# A fatal error has been detected by the Java Runtime Environment:
#
#  EXCEPTION_ACCESS_VIOLATION (0xc0000005) at pc=0x00007ff95f9cfa8a, pid=6900, tid=0x0000000000003c8c
#
# JRE version: Java(TM) SE Runtime Environment (8.0_231-b11) (build 1.8.0_231-b11)
# Java VM: Java HotSpot(TM) 64-Bit Server VM (25.231-b11 mixed mode windows-amd64 compressed oops)
# Problematic frame:
# C  [lwjgl_opengl.dll+0xfa8a]
#
# Failed to write core dump. Minidumps are not enabled by default on client versions of Windows
#
# If you would like to submit a bug report, please visit:
#   http://bugreport.java.com/bugreport/crash.jsp
# The crash happened outside the Java Virtual Machine in native code.
# See problematic frame for where to report the bug.
#

---------------  T H R E A D  ---------------

Current thread (0x000000001dfd1000):  JavaThread "Thread-0" [_thread_in_native, id=15500, stack(0x000000001fa40000,0x000000001fb40000)]

siginfo: ExceptionCode=0xc0000005, reading address 0x00000000000013b8

Registers:
RAX=0x0000000000a13960, RBX=0x000000001c2f3d90, RCX=0x0000000000000000, RDX=0x0000000000000000
RSP=0x000000001fb3f088, RBP=0x000000001fb3f0f8, RSI=0x0000000000000230, RDI=0x0000000002a6835d
R8 =0x0000000000000000, R9 =0x000000001df9d3d0, R10=0x0000000002a785fb, R11=0x000000006f6dcf70
R12=0x0000000000000000, R13=0x000000001c2f3d88, R14=0x000000001fb3f118, R15=0x000000001dfd1000
RIP=0x00007ff95f9cfa8a, EFLAGS=0x0000000000010202

Top of Stack: (sp=0x000000001fb3f088)
0x000000001fb3f088:   0000000002a78627 000000001dfd1000
0x000000001fb3f098:   000000001c2f3d90 0000000000000230
0x000000001fb3f0a8:   000000001dfd1000 0000000002a78322
0x000000001fb3f0b8:   000000001fb3f0b8 000000001c2f3d88
0x000000001fb3f0c8:   000000001fb3f118 000000001c3285e8
0x000000001fb3f0d8:   0000000000000000 000000001c2f3d90
0x000000001fb3f0e8:   0000000000000000 000000001fb3f118
0x000000001fb3f0f8:   000000001fb3f160 0000000002a6835d
0x000000001fb3f108:   000000076baded38 0000000002a721d8
0x000000001fb3f118:   0000000000000000 000000001fb3f120
0x000000001fb3f128:   000000001c260ad9 000000001fb3f170
0x000000001fb3f138:   000000001c2cc8b0 0000000000000000
0x000000001fb3f148:   000000001c260b00 000000001fb3f118
0x000000001fb3f158:   000000001fb3f170 000000001fb3f1b8
0x000000001fb3f168:   0000000002a6835d 0000000000000000
0x000000001fb3f178:   000000001fb3f178 000000001c0e4114 

Instructions: (pc=0x00007ff95f9cfa8a)
0x00007ff95f9cfa6a:   13 00 00 48 83 c4 40 5b c3 cc cc cc cc cc cc cc
0x00007ff95f9cfa7a:   cc cc cc cc cc cc 48 8b 01 41 8b c8 48 8b 50 18
0x00007ff95f9cfa8a:   48 ff a2 b8 13 00 00 cc cc cc cc cc cc cc cc cc
0x00007ff95f9cfa9a:   cc cc cc cc cc cc 48 8b 01 49 8b d1 41 8b c8 4c 


Register to memory mapping:

RAX=0x0000000000a13960 is an unknown value
RBX={method} {0x000000001c2f3d98} 'glBindVertexArray' '(I)V' in 'org/lwjgl/opengl/GL30C'
RCX=0x0000000000000000 is an unknown value
RDX=0x0000000000000000 is an unknown value
RSP=0x000000001fb3f088 is pointing into the stack for thread: 0x000000001dfd1000
RBP=0x000000001fb3f0f8 is pointing into the stack for thread: 0x000000001dfd1000
RSI=0x0000000000000230 is an unknown value
RDI=0x0000000002a6835d is at code_begin+2301 in an Interpreter codelet
invoke return entry points  [0x0000000002a67a60, 0x0000000002a68440]  2528 bytes
R8 =0x0000000000000000 is an unknown value
R9 =0x000000001df9d3d0 is an unknown value
R10=0x0000000002a785fb is at code_begin+891 in an Interpreter codelet
method entry point (kind = native)  [0x0000000002a78280, 0x0000000002a78c40]  2496 bytes
R11=0x000000006f6dcf70 is an unknown value
R12=0x0000000000000000 is an unknown value
R13=0x000000001c2f3d88 is pointing into metadata
R14=0x000000001fb3f118 is pointing into the stack for thread: 0x000000001dfd1000
R15=0x000000001dfd1000 is a thread


Stack: [0x000000001fa40000,0x000000001fb40000],  sp=0x000000001fb3f088,  free space=1020k
Native frames: (J=compiled Java code, j=interpreted, Vv=VM code, C=native code)
C  [lwjgl_opengl.dll+0xfa8a]

Java frames: (J=compiled Java code, j=interpreted, Vv=VM code)
j  org.lwjgl.opengl.GL30C.glBindVertexArray(I)V+0
j  org.lwjgl.opengl.GL30.glBindVertexArray(I)V+1
j  grafik.render.Renderer.renderMesh(Lgrafik/render/Mesh;)V+4
j  grafik.render.BildHandler.render()V+8
j  grafik.render.BildHandler.run()V+12
v  ~StubRoutines::call_stub

---------------  P R O C E S S  ---------------

Java Threads: ( => current thread )
  0x00000000027fe800 JavaThread "DestroyJavaVM" [_thread_blocked, id=19864, stack(0x0000000002860000,0x0000000002960000)]
=>0x000000001dfd1000 JavaThread "Thread-0" [_thread_in_native, id=15500, stack(0x000000001fa40000,0x000000001fb40000)]
  0x000000001de51000 JavaThread "Service Thread" daemon [_thread_blocked, id=17700, stack(0x000000001f840000,0x000000001f940000)]
  0x000000001ddb2800 JavaThread "C1 CompilerThread3" daemon [_thread_blocked, id=2320, stack(0x000000001f740000,0x000000001f840000)]
  0x000000001ddb1800 JavaThread "C2 CompilerThread2" daemon [_thread_blocked, id=17364, stack(0x000000001f640000,0x000000001f740000)]
  0x000000001dda8800 JavaThread "C2 CompilerThread1" daemon [_thread_blocked, id=3024, stack(0x000000001f540000,0x000000001f640000)]
  0x000000001dda2800 JavaThread "C2 CompilerThread0" daemon [_thread_blocked, id=11856, stack(0x000000001f440000,0x000000001f540000)]
  0x000000001dd9f800 JavaThread "Attach Listener" daemon [_thread_blocked, id=4432, stack(0x000000001f340000,0x000000001f440000)]
  0x000000001c6de800 JavaThread "Signal Dispatcher" daemon [_thread_blocked, id=9876, stack(0x000000001f240000,0x000000001f340000)]
  0x000000001dd93800 JavaThread "Finalizer" daemon [_thread_blocked, id=6040, stack(0x000000001f010000,0x000000001f110000)]
  0x0000000002a5e000 JavaThread "Reference Handler" daemon [_thread_blocked, id=4660, stack(0x000000001ef10000,0x000000001f010000)]

Other Threads:
  0x000000001c6c7000 VMThread [stack: 0x000000001ee10000,0x000000001ef10000] [id=8944]
  0x000000001de54800 WatcherThread [stack: 0x000000001f940000,0x000000001fa40000] [id=20044]

VM state:not at safepoint (normal execution)

VM Mutex/Monitor currently owned by a thread: None

heap address: 0x00000006c1200000, size: 4078 MB, Compressed Oops mode: Zero based, Oop shift amount: 3
Narrow klass base: 0x0000000000000000, Narrow klass shift: 3
Compressed class space size: 1073741824 Address: 0x00000007c0000000

Heap:
 PSYoungGen      total 76288K, used 10524K [0x000000076b100000, 0x0000000770600000, 0x00000007c0000000)
  eden space 65536K, 16% used [0x000000076b100000,0x000000076bb47350,0x000000076f100000)
  from space 10752K, 0% used [0x000000076fb80000,0x000000076fb80000,0x0000000770600000)
  to   space 10752K, 0% used [0x000000076f100000,0x000000076f100000,0x000000076fb80000)
 ParOldGen       total 175104K, used 0K [0x00000006c1200000, 0x00000006cbd00000, 0x000000076b100000)
  object space 175104K, 0% used [0x00000006c1200000,0x00000006c1200000,0x00000006cbd00000)
 Metaspace       used 6950K, capacity 7268K, committed 7552K, reserved 1056768K
  class space    used 693K, capacity 792K, committed 896K, reserved 1048576K

Card table byte_map: [0x0000000011e20000,0x0000000012620000] byte_map_base: 0x000000000e817000

Marking Bits: (ParMarkBitMap*) 0x000000006fcd6d90
 Begin Bits: [0x0000000013570000, 0x0000000017528000)
 End Bits:   [0x0000000017528000, 0x000000001b4e0000)

Polling page: 0x00000000009a0000

CodeCache: size=245760Kb used=2397Kb max_used=2408Kb free=243363Kb
 bounds [0x0000000002a60000, 0x0000000002cd0000, 0x0000000011a60000]
 total_blobs=1334 nmethods=462 adapters=786
 compilation: enabled

Compilation events (10 events):
Event: 0.377 Thread 0x000000001ddb2800 nmethod 458 0x0000000002cb5090 code [0x0000000002cb51e0, 0x0000000002cb5350]
Event: 0.377 Thread 0x000000001ddb2800  459       1       java.lang.Integer::toUnsignedLong (7 bytes)
Event: 0.377 Thread 0x000000001ddb2800 nmethod 459 0x0000000002cb53d0 code [0x0000000002cb5520, 0x0000000002cb5610]
Event: 0.378 Thread 0x000000001ddb2800  460       3       java.util.jar.JarFile::maybeInstantiateVerifier (96 bytes)
Event: 0.378 Thread 0x000000001ddb2800 nmethod 460 0x0000000002cb5650 code [0x0000000002cb5880, 0x0000000002cb6548]
Event: 0.379 Thread 0x000000001dda2800 nmethod 456 0x0000000002cb9950 code [0x0000000002cb9aa0, 0x0000000002cb9cd8]
Event: 0.379 Thread 0x000000001ddb1800  461       4       java.lang.String::<init> (82 bytes)
Event: 0.380 Thread 0x000000001ddb2800  462       1       sun.misc.URLClassPath$JarLoader::access$600 (5 bytes)
Event: 0.380 Thread 0x000000001ddb2800 nmethod 462 0x0000000002cb9690 code [0x0000000002cb97e0, 0x0000000002cb98d0]
Event: 0.381 Thread 0x000000001ddb1800 nmethod 461 0x0000000002cb7ad0 code [0x0000000002cb7c20, 0x0000000002cb7f38]

GC Heap History (0 events):
No events

Deoptimization events (0 events):
No events

Classes redefined (0 events):
No events

Internal exceptions (10 events):
Event: 0.126 Thread 0x000000001dfd1000 Exception <a 'java/security/PrivilegedActionException'> (0x000000076b77fac0) thrown at [C:\re\workspace\8-2-build-windows-amd64-cygwin\jdk8u231\13620\hotspot\src\share\vm\prims\jvm.cpp, line 1502]
Event: 0.126 Thread 0x000000001dfd1000 Exception <a 'java/security/PrivilegedActionException'> (0x000000076b77fcd0) thrown at [C:\re\workspace\8-2-build-windows-amd64-cygwin\jdk8u231\13620\hotspot\src\share\vm\prims\jvm.cpp, line 1502]
Event: 0.141 Thread 0x000000001dfd1000 Exception <a 'sun/nio/fs/WindowsException'> (0x000000076b7aa9e8) thrown at [C:\re\workspace\8-2-build-windows-amd64-cygwin\jdk8u231\13620\hotspot\src\share\vm\prims\jni.cpp, line 710]
Event: 0.141 Thread 0x000000001dfd1000 Exception <a 'sun/nio/fs/WindowsException'> (0x000000076b7ab280) thrown at [C:\re\workspace\8-2-build-windows-amd64-cygwin\jdk8u231\13620\hotspot\src\share\vm\prims\jni.cpp, line 710]
Event: 0.154 Thread 0x000000001dfd1000 Exception <a 'sun/nio/fs/WindowsException'> (0x000000076b7e9ff0) thrown at [C:\re\workspace\8-2-build-windows-amd64-cygwin\jdk8u231\13620\hotspot\src\share\vm\prims\jni.cpp, line 710]
Event: 0.154 Thread 0x000000001dfd1000 Exception <a 'sun/nio/fs/WindowsException'> (0x000000076b7ea6c0) thrown at [C:\re\workspace\8-2-build-windows-amd64-cygwin\jdk8u231\13620\hotspot\src\share\vm\prims\jni.cpp, line 710]
Event: 0.375 Thread 0x000000001dfd1000 Exception <a 'sun/nio/fs/WindowsException'> (0x000000076ba2a3c0) thrown at [C:\re\workspace\8-2-build-windows-amd64-cygwin\jdk8u231\13620\hotspot\src\share\vm\prims\jni.cpp, line 710]
Event: 0.375 Thread 0x000000001dfd1000 Exception <a 'sun/nio/fs/WindowsException'> (0x000000076ba2aaf8) thrown at [C:\re\workspace\8-2-build-windows-amd64-cygwin\jdk8u231\13620\hotspot\src\share\vm\prims\jni.cpp, line 710]
Event: 0.376 Thread 0x000000001dfd1000 Exception <a 'sun/nio/fs/WindowsException'> (0x000000076ba33a40) thrown at [C:\re\workspace\8-2-build-windows-amd64-cygwin\jdk8u231\13620\hotspot\src\share\vm\prims\jni.cpp, line 710]
Event: 0.377 Thread 0x000000001dfd1000 Exception <a 'sun/nio/fs/WindowsException'> (0x000000076ba34030) thrown at [C:\re\workspace\8-2-build-windows-amd64-cygwin\jdk8u231\13620\hotspot\src\share\vm\prims\jni.cpp, line 710]

Events (10 events):
Event: 0.379 loading class org/lwjgl/opengl/GL15C
Event: 0.379 loading class org/lwjgl/opengl/GL15C done
Event: 0.379 loading class org/lwjgl/opengl/GL14C
Event: 0.379 loading class org/lwjgl/opengl/GL14C done
Event: 0.380 loading class org/lwjgl/opengl/GL13C
Event: 0.380 loading class org/lwjgl/opengl/GL13C done
Event: 0.380 loading class org/lwjgl/opengl/GL12C
Event: 0.380 loading class org/lwjgl/opengl/GL12C done
Event: 0.380 loading class org/lwjgl/opengl/GL11C
Event: 0.380 loading class org/lwjgl/opengl/GL11C done


Dynamic libraries:
0x00007ff70e9c0000 - 0x00007ff70e9f7000 	C:\Program Files\Java\jre1.8.0_231\bin\javaw.exe
0x00007ff9729d0000 - 0x00007ff972bc8000 	C:\WINDOWS\SYSTEM32\ntdll.dll
0x00007ff971da0000 - 0x00007ff971e5d000 	C:\WINDOWS\System32\KERNEL32.DLL
0x00007ff9700e0000 - 0x00007ff9703b2000 	C:\WINDOWS\System32\KERNELBASE.dll
0x00007ff971cf0000 - 0x00007ff971d9e000 	C:\WINDOWS\System32\ADVAPI32.dll
0x00007ff971490000 - 0x00007ff97152e000 	C:\WINDOWS\System32\msvcrt.dll
0x00007ff970a30000 - 0x00007ff970acc000 	C:\WINDOWS\System32\sechost.dll
0x00007ff972500000 - 0x00007ff972625000 	C:\WINDOWS\System32\RPCRT4.dll
0x00007ff970bf0000 - 0x00007ff970d8d000 	C:\WINDOWS\System32\USER32.dll
0x00007ff970660000 - 0x00007ff970682000 	C:\WINDOWS\System32\win32u.dll
0x00007ff970f40000 - 0x00007ff970f6b000 	C:\WINDOWS\System32\GDI32.dll
0x00007ff970790000 - 0x00007ff97089f000 	C:\WINDOWS\System32\gdi32full.dll
0x00007ff970960000 - 0x00007ff9709fd000 	C:\WINDOWS\System32\msvcp_win.dll
0x00007ff970690000 - 0x00007ff970790000 	C:\WINDOWS\System32\ucrtbase.dll
0x00007ff962f20000 - 0x00007ff9631ba000 	C:\WINDOWS\WinSxS\amd64_microsoft.windows.common-controls_6595b64144ccf1df_6.0.19041.1110_none_60b5254171f9507e\COMCTL32.dll
0x00007ff970ad0000 - 0x00007ff970b00000 	C:\WINDOWS\System32\IMM32.DLL
0x000000006f2f0000 - 0x000000006f3c2000 	C:\Program Files\Java\jre1.8.0_231\bin\msvcr100.dll
0x000000006f4b0000 - 0x000000006fd56000 	C:\Program Files\Java\jre1.8.0_231\bin\server\jvm.dll
0x00007ff971e60000 - 0x00007ff971e68000 	C:\WINDOWS\System32\PSAPI.DLL
0x00007ff96aa10000 - 0x00007ff96aa1a000 	C:\WINDOWS\SYSTEM32\VERSION.dll
0x00007ff96b6f0000 - 0x00007ff96b6f9000 	C:\WINDOWS\SYSTEM32\WSOCK32.dll
0x00007ff95f450000 - 0x00007ff95f477000 	C:\WINDOWS\SYSTEM32\WINMM.dll
0x00007ff971530000 - 0x00007ff97159b000 	C:\WINDOWS\System32\WS2_32.dll
0x00007ff9689b0000 - 0x00007ff9689bf000 	C:\Program Files\Java\jre1.8.0_231\bin\verify.dll
0x00007ff961bb0000 - 0x00007ff961bd9000 	C:\Program Files\Java\jre1.8.0_231\bin\java.dll
0x00007ff9684d0000 - 0x00007ff9684e6000 	C:\Program Files\Java\jre1.8.0_231\bin\zip.dll
0x00007ff9715a0000 - 0x00007ff971ce3000 	C:\WINDOWS\System32\SHELL32.dll
0x00007ff96e1c0000 - 0x00007ff96e951000 	C:\WINDOWS\SYSTEM32\windows.storage.dll
0x00007ff972630000 - 0x00007ff972984000 	C:\WINDOWS\System32\combase.dll
0x00007ff96fb40000 - 0x00007ff96fb70000 	C:\WINDOWS\SYSTEM32\Wldp.dll
0x00007ff970e90000 - 0x00007ff970f3d000 	C:\WINDOWS\System32\SHCORE.dll
0x00007ff972420000 - 0x00007ff972475000 	C:\WINDOWS\System32\shlwapi.dll
0x00007ff970020000 - 0x00007ff97003f000 	C:\WINDOWS\SYSTEM32\profapi.dll
0x00007ff965eb0000 - 0x00007ff965eca000 	C:\Program Files\Java\jre1.8.0_231\bin\net.dll
0x00007ff96f8a0000 - 0x00007ff96f90a000 	C:\WINDOWS\system32\mswsock.dll
0x00007ff961320000 - 0x00007ff961332000 	C:\Program Files\Java\jre1.8.0_231\bin\nio.dll
0x00007ff960d40000 - 0x00007ff960db5000 	C:\Users\jasig\AppData\Local\Temp\lwjgljasig\3.3.1-build-7\lwjgl.dll
0x00007ff95fe40000 - 0x00007ff95fea1000 	C:\Users\jasig\AppData\Local\Temp\lwjgljasig\3.3.1-build-7\glfw.dll
0x00007ff960e40000 - 0x00007ff960e85000 	C:\WINDOWS\SYSTEM32\dinput8.dll
0x00007ff925130000 - 0x00007ff925141000 	C:\WINDOWS\SYSTEM32\xinput1_4.dll
0x00007ff9708a0000 - 0x00007ff9708ee000 	C:\WINDOWS\System32\cfgmgr32.dll
0x00007ff96fe90000 - 0x00007ff96febc000 	C:\WINDOWS\SYSTEM32\DEVOBJ.dll
0x00007ff96deb0000 - 0x00007ff96dedf000 	C:\WINDOWS\SYSTEM32\dwmapi.dll
0x00007ff95abe0000 - 0x00007ff95ad32000 	C:\WINDOWS\SYSTEM32\inputhost.dll
0x00007ff970dc0000 - 0x00007ff970e8d000 	C:\WINDOWS\System32\OLEAUT32.dll
0x00007ff96cc90000 - 0x00007ff96cde4000 	C:\WINDOWS\SYSTEM32\wintypes.dll
0x00007ff96d700000 - 0x00007ff96d7f2000 	C:\WINDOWS\SYSTEM32\CoreMessaging.dll
0x00007ff96a020000 - 0x00007ff96a116000 	C:\WINDOWS\SYSTEM32\PROPSYS.dll
0x00007ff96d3a0000 - 0x00007ff96d6fe000 	C:\WINDOWS\SYSTEM32\CoreUIComponents.dll
0x00007ff9705d0000 - 0x00007ff970652000 	C:\WINDOWS\System32\bcryptPrimitives.dll
0x00007ff96f270000 - 0x00007ff96f2a3000 	C:\WINDOWS\SYSTEM32\ntmarta.dll
0x00007ff96dfc0000 - 0x00007ff96dfd2000 	C:\WINDOWS\SYSTEM32\kernel.appcore.dll
0x00007ff96dae0000 - 0x00007ff96db7e000 	C:\WINDOWS\system32\uxtheme.dll
0x00007ff9711c0000 - 0x00007ff9712d5000 	C:\WINDOWS\System32\MSCTF.dll
0x00007ff945310000 - 0x00007ff945437000 	C:\WINDOWS\SYSTEM32\opengl32.dll
0x00007ff95a990000 - 0x00007ff95a9bc000 	C:\WINDOWS\SYSTEM32\GLU32.dll
0x00007ff970fd0000 - 0x00007ff97107f000 	C:\WINDOWS\System32\clbcatq.dll
0x00007ff8c82e0000 - 0x00007ff8cb49a000 	C:\WINDOWS\System32\DriverStore\FileRepository\nv_dispi.inf_amd64_70cfb45e19c20af4\nvoglv64.dll
0x00007ff971e70000 - 0x00007ff9722df000 	C:\WINDOWS\System32\SETUPAPI.dll
0x00007ff970a00000 - 0x00007ff970a27000 	C:\WINDOWS\System32\bcrypt.dll
0x00007ff9722f0000 - 0x00007ff97241a000 	C:\WINDOWS\System32\ole32.dll
0x00007ff96bd30000 - 0x00007ff96bd44000 	C:\WINDOWS\SYSTEM32\WTSAPI32.dll
0x00007ff96fa90000 - 0x00007ff96fa9c000 	C:\WINDOWS\SYSTEM32\CRYPTBASE.DLL
0x00007ff96fcd0000 - 0x00007ff96fce2000 	C:\WINDOWS\SYSTEM32\msasn1.dll
0x00007ff96ac80000 - 0x00007ff96acb1000 	C:\WINDOWS\SYSTEM32\cryptnet.dll
0x00007ff970470000 - 0x00007ff9705c6000 	C:\WINDOWS\System32\CRYPT32.dll
0x00007ff96a390000 - 0x00007ff96a4d8000 	C:\WINDOWS\SYSTEM32\drvstore.dll
0x00007ff9708f0000 - 0x00007ff970959000 	C:\WINDOWS\System32\WINTRUST.dll
0x00007ff96b7c0000 - 0x00007ff96b7fb000 	C:\WINDOWS\SYSTEM32\dxcore.dll
0x00007ff9316c0000 - 0x00007ff93198f000 	C:\WINDOWS\system32\nvspcap64.dll
0x00007ff96f6b0000 - 0x00007ff96f6fb000 	C:\WINDOWS\SYSTEM32\powrprof.dll
0x00007ff96f520000 - 0x00007ff96f532000 	C:\WINDOWS\SYSTEM32\UMPDC.dll
0x00007ff96ede0000 - 0x00007ff96ee44000 	C:\WINDOWS\SYSTEM32\WINSTA.dll
0x00007ff95ad40000 - 0x00007ff95ae39000 	C:\WINDOWS\SYSTEM32\textinputframework.dll
0x00007ff95f9c0000 - 0x00007ff95fa1d000 	C:\Users\jasig\AppData\Local\Temp\lwjgljasig\3.3.1-build-7\lwjgl_opengl.dll
0x00007ff969d30000 - 0x00007ff969f14000 	C:\WINDOWS\SYSTEM32\dbghelp.dll

VM Arguments:
jvm_args: -Dfile.encoding=Cp1252 
java_command: representation.Starter
java_class_path (initial): D:\Main Dingens\Downloads\lwjgl-release-3.3.1-custom\lwjgl.jar;D:\Main Dingens\Downloads\lwjgl-release-3.3.1-custom\lwjgl-assimp.jar;D:\Main Dingens\Downloads\lwjgl-release-3.3.1-custom\lwjgl-assimp-javadoc.jar;D:\Main Dingens\Downloads\lwjgl-release-3.3.1-custom\lwjgl-assimp-natives-windows.jar;D:\Main Dingens\Downloads\lwjgl-release-3.3.1-custom\lwjgl-assimp-sources.jar;D:\Main Dingens\Downloads\lwjgl-release-3.3.1-custom\lwjgl-glfw.jar;D:\Main Dingens\Downloads\lwjgl-release-3.3.1-custom\lwjgl-glfw-javadoc.jar;D:\Main Dingens\Downloads\lwjgl-release-3.3.1-custom\lwjgl-glfw-natives-windows.jar;D:\Main Dingens\Downloads\lwjgl-release-3.3.1-custom\lwjgl-glfw-sources.jar;D:\Main Dingens\Downloads\lwjgl-release-3.3.1-custom\lwjgl-javadoc.jar;D:\Main Dingens\Downloads\lwjgl-release-3.3.1-custom\lwjgl-natives-windows.jar;D:\Main Dingens\Downloads\lwjgl-release-3.3.1-custom\lwjgl-openal.jar;D:\Main Dingens\Downloads\lwjgl-release-3.3.1-custom\lwjgl-openal-javadoc.jar;D:\Main Dingens\Downloads\lwjgl-release-3.3.1-custom\lwjgl-openal-natives-windows.jar;D:\Main Dingens\Downloads\lwjgl-release-3.3.1-custom\lwjgl-openal-sources.jar;D:\Main Dingens\Downloads\lwjgl-release-3.3.1-custom\lwjgl-opengl.jar;D:\Main Dingens\Downloads\lwjgl-release-3.3.1-custom\lwjgl-opengl-javadoc.jar;D:\Main Dingens\Downloads\lwjgl-release-3.3.1-custom\lwjgl-opengl-natives-windows.jar;D:\Main Dingens\Downloads\lwjgl-release-3.3.1-custom\lwjgl-opengl-sources.jar;D:\Main Dingens\Downloads\lwjgl-release-3.3.1-custom\lwjgl-sources.jar;D:\Main Dingens\Downloads\lwjgl-release-3.3.1-custom\lwjgl-stb.jar;D:\Main Dingens\Downloads\lwjgl-release-3.3.1-custom\lwjgl-stb-javadoc.jar;D:\Main Dingens\Downloads\lwjgl-release-3.3.1-custom\lwjgl-stb-natives-windows.jar;D:\Main Dingens\Downloads\lwjgl-release-3.3.1-custom\lwjgl-stb-sources.jar;C:\Users\jasig\git\RubiksCubeSolverITEC\RubiksCubeSolverITEC\bin
Launcher Type: SUN_STANDARD

Environment Variables:
USERNAME=jasig
OS=Windows_NT
PROCESSOR_IDENTIFIER=AMD64 Family 23 Model 113 Stepping 0, AuthenticAMD



---------------  S Y S T E M  ---------------

OS: Windows 10.0 , 64 bit Build 19041 (10.0.19041.1889)

CPU:total 12 (initial active 12) (12 cores per cpu, 1 threads per core) family 23 model 113 stepping 0, cmov, cx8, fxsr, mmx, sse, sse2, sse3, ssse3, sse4.1, sse4.2, popcnt, avx, avx2, aes, clmul, mmxext, 3dnowpref, lzcnt, sse4a, tsc, tscinvbit, tscinv, bmi1

Memory: 4k page, physical 16702180k(9588204k free), swap 25859816k(10982152k free)

vm_info: Java HotSpot(TM) 64-Bit Server VM (25.231-b11) for windows-amd64 JRE (1.8.0_231-b11), built on Oct  5 2019 03:11:30 by "java_re" with MS VC++ 10.0 (VS2010)

time: Fri Oct 21 15:09:12 2022
timezone: Mitteleuropäische Sommerzeit
elapsed time: 0 seconds (0d 0h 0m 0s)

